
GAMS Rev 140  Copyright (C) 1987-2004 GAMS Development. All rights reserved
Licensee: Mark Neal                                      G060515:1514AP-WIN
          University of Queensland, The School of Economics          DC5881
          License for teaching and research at degree granting institutions
--- Starting compilation
--- .AF.csv(3) 3 Mb                   
--- .GF.csv(13) 3 Mb                  
--- .FertManure.csv(13) 3 Mb          
--- .UreaF.csv(13) 3 Mb               
--- .P25F.csv(13) 3 Mb                
--- .WI.csv(13) 3 Mb                   
--- .CF.csv(13) 3 Mb                   
--- .LF.csv(13) 3 Mb                   
--- .FertApp.csv(13) 3 Mb              
--- .RF.csv(2) 3 Mb                    
--- .Mow.csv(13) 3 Mb                  
--- .CS.csv(13) 3 Mb                   
--- .HarvestF.csv(13) 3 Mb             
--- .DMS.csv(4) 3 Mb                   
--- .DMF.csv(13) 3 Mb                  
--- .DMF.csv(13) 3 Mb                  
--- .DMH.csv(3) 3 Mb                   
--- .MES.csv(2) 3 Mb                   
--- .MEF.csv(13) 3 Mb                  
--- .MEF.csv(13) 3 Mb                  
--- .MEH.csv(3) 3 Mb                   
--- .RDPS.csv(2) 3 Mb                  
--- .RDPF.csv(13) 3 Mb                 
--- .RDPH.csv(3) 3 Mb                  
--- .UDPS.csv(2) 3 Mb                  
--- .UDPF.csv(13) 3 Mb                 
--- .UDPH.csv(3) 3 Mb                  
--- .FS.csv(2) 3 Mb                    
--- .FF.csv(13) 3 Mb                   
--- .FF.csv(13) 3 Mb                   
--- .FH.csv(3) 3 Mb                    
--- .PDMS.csv(2) 3 Mb                  
--- .DMIs.csv(13) 3 Mb                 
--- .MEMaints.csv(13) 3 Mb             
--- .MEProds.csv(10) 3 Mb              
--- .ADPLSMAINTs.csv(13) 3 Mb          
--- .ProdRest6000s.csv(13) 3 Mb        
--- .ProdRest9000s.csv(13) 3 Mb        
--- .LCCAdv.csv(13) 3 Mb               
--- .CCs.csv(13) 3 Mb                  
--- .MPUni.csv(13) 3 Mb                
--- .MPSeas.csv(13) 3 Mb               
--- .xMultiSolvesDummy.csv(3) 3 Mb     
--- ..xllink.gms(8) 3 Mb                
--- .xldump.gms(10) 3 Mb
--- call echo report1 | sed s/\..*// >> C:\Users\nealm\OneDrive - DairyNZ Limited\Desktop\dairynz\dairy_lp_neal_JDS_2007\GAMSDIR\225a\symb.scr
--- .xldump.gms(73) 3 Mb
--- .xldump.gms(10) 3 Mb                
--- call echo report2 | sed s/\..*// >> C:\Users\nealm\OneDrive - DairyNZ Limited\Desktop\dairynz\dairy_lp_neal_JDS_2007\GAMSDIR\225a\symb.scr
--- .xldump.gms(73) 3 Mb
--- .ADSA Dairy LP Report.gms(2061) 3 Mb
--- ADSA Dairy LP RDP UDP.gms(1358) 3 Mb
--- Starting execution
--- ADSA Dairy LP RDP UDP.gms(1689) 4 Mb
--- Generating model DairyFarmAccess is denied.
Access is denied.

--- ADSA Dairy LP RDP UDP.gms(1691) 11 Mb
---    3907 rows, 23849 columns, and 235041 non-zeroes.
--- Executing CONOPT
C O N O P T 3 Nov 11, 2004 WIN.CO.CO 21.5 015.052.041.VIS Library 314E     
 
 
    C O N O P T 3   Intel /MS Window version 3.14E-015-052
    Copyright (C)   ARKI Consulting and Development A/S
                    Bagsvaerdvej 246 A
                    DK-2880 Bagsvaerd, Denmark
 
 Using default options.
 
 Reading Data
 
   Iter Phase Ninf   Infeasibility   RGmax    NSB   Step InItr MX OK
      0   0        5.2404700000E+05 (Input point)
                                Pre-triangular equations:        1
                                Post-triangular equations:     146
      1   0        1.5212800000E+05 (After pre-processing)
      2   0        1.0113671875E+02 (After scaling)
      3   0    11  1.0113671875E+02               0.0E+00      T  T
      4   0    11  1.0113671875E+02               0.0E+00      T  T
      5   0    11  1.0113671875E+02               0.0E+00      T  T
      6   0    11  1.0113671875E+02               0.0E+00      T  T
      7   0    11  1.0113671875E+02               0.0E+00      T  T
 
   Iter Phase Ninf   Infeasibility   RGmax    NSB   Step InItr MX OK
      8   0    11  1.0113671875E+02               0.0E+00      T  T
      9   0    11  1.0113671875E+02               0.0E+00      T  T
     10   0    11  1.0113671875E+02               0.0E+00      T  T
     11   0    11  1.0113671875E+02               0.0E+00      T  T
     12   0    11  1.0113671875E+02               0.0E+00      T  T
     13   0    11  1.0113671875E+02               0.0E+00      T  T
     14   0    11  1.0113671875E+02               0.0E+00      T  T
     15   0    11  1.0113671875E+02               0.0E+00      T  T
     16   0    11  1.0113671875E+02               0.0E+00      T  T
     17   0    11  1.0113671875E+02               0.0E+00      T  T
 
   Iter Phase Ninf   Infeasibility   RGmax    NSB   Step InItr MX OK
     18   0    11  1.0113671875E+02               0.0E+00      T  T
     19   0    11  1.0113671875E+02               0.0E+00      T  T
     20   0    11  1.0113671875E+02               0.0E+00      T  T
     21   0    11  1.0113671875E+02               0.0E+00      T  T
     22   0    11  1.0113671875E+02               0.0E+00      T  T
     23   0    11  1.0113671875E+02               0.0E+00      T  T
     24   0    11  1.0113671875E+02               0.0E+00      T  T
     25   0    11  1.0113671875E+02               0.0E+00      T  T
     26   0    11  1.0113671875E+02               0.0E+00      T  T
     27   0    11  1.0113671875E+02               0.0E+00      T  T
 
   Iter Phase Ninf   Infeasibility   RGmax    NSB   Step InItr MX OK
     28   0    11  1.0113671875E+02               0.0E+00      T  T
     29   0    11  1.0113671875E+02               0.0E+00      T  T
     30   0    11  1.0113671875E+02               0.0E+00      T  T
     31   0    11  1.0113671875E+02               0.0E+00      T  T
     32   0    11  1.0113671875E+02               0.0E+00      T  T
     33   0    11  1.0113671875E+02               0.0E+00      T  T
     34   0    11  1.0113671875E+02               0.0E+00      T  T
     35   0    11  1.0113671875E+02               0.0E+00      T  T
     36   0    11  1.0113671875E+02               0.0E+00      T  T
     37   0    11  1.0113671875E+02               0.0E+00      T  T
 
   Iter Phase Ninf   Infeasibility   RGmax    NSB   Step InItr MX OK
     38   0    11  1.0113671875E+02               0.0E+00      T  T
     39   0    11  1.0113671875E+02               0.0E+00      T  T
     40   0    11  1.0113671875E+02               0.0E+00      T  T
     41   0    11  1.0113671875E+02               0.0E+00      T  T
     42   0    11  1.0113671875E+02               0.0E+00      T  T
     43   0    11  1.0113671875E+02               0.0E+00      T  T
     44   0    11  1.0113671875E+02               0.0E+00      T  T
     45   0    11  1.0113671875E+02               0.0E+00      T  T
     46   0    11  1.0113671875E+02               0.0E+00      T  T
     47   0    11  1.0113671875E+02               0.0E+00      T  T
 
   Iter Phase Ninf   Infeasibility   RGmax    NSB   Step InItr MX OK
     48   0    11  1.0113671875E+02               0.0E+00      T  T
     49   0    11  1.0113671875E+02               0.0E+00      T  T
     50   0    11  1.0113671875E+02               0.0E+00      T  T
     51   0    11  1.0113671875E+02               0.0E+00      T  T
     52   0    11  1.0113671875E+02               0.0E+00      T  T
     53   0    11  1.0113671875E+02               0.0E+00      T  T
     54   0    11  1.0113671875E+02               0.0E+00      T  T
     55   0    11  1.0113671875E+02               0.0E+00      T  T
     56   0    11  1.0113671875E+02               0.0E+00      T  T
     57   0    11  1.0113671875E+02               0.0E+00      T  T
 
   Iter Phase Ninf   Infeasibility   RGmax    NSB   Step InItr MX OK
     58   0    11  1.0113671875E+02               0.0E+00      T  T
     59   0    11  1.0113671875E+02               0.0E+00      T  T
     60   0    11  1.0113671875E+02               0.0E+00      T  T
     61   0    11  1.0113671875E+02               0.0E+00      T  T
     62   0    11  1.0113671875E+02               0.0E+00      T  T
     63   0    11  1.0113671875E+02               0.0E+00      T  T
     64   0    11  1.0113671875E+02               0.0E+00      T  T
     65   0    11  1.0113671875E+02               0.0E+00      T  T
     66   0    11  1.0113671875E+02               0.0E+00      T  T
     67   0    11  1.0113671875E+02               0.0E+00      T  T
 
   Iter Phase Ninf   Infeasibility   RGmax    NSB   Step InItr MX OK
     68   0    11  1.0113671875E+02               0.0E+00      T  T
     69   0    11  1.0113671875E+02               0.0E+00      T  T
     70   0    11  1.0113671875E+02               0.0E+00      T  T
     71   0    12  1.0113671875E+02               0.0E+00      T  T
     72   0    12  1.0113671875E+02               0.0E+00      T  T
     73   0    12  1.0113671875E+02               0.0E+00      T  T
     74   0    12  1.0113671875E+02               0.0E+00      T  T
     75   0    12  1.0113671875E+02               0.0E+00      T  T
     76   0    12  1.0113671875E+02               0.0E+00      T  T
     77   0    12  1.0113671875E+02               0.0E+00      T  T
 
   Iter Phase Ninf   Infeasibility   RGmax    NSB   Step InItr MX OK
     78   0    12  1.0113671875E+02               0.0E+00      T  T
     79   0    12  1.0113671875E+02               0.0E+00      T  T
     80   0    12  1.0113671875E+02               0.0E+00      T  T
     81   0    12  1.0113671875E+02               0.0E+00      T  T
     82   0    12  1.0113671875E+02               0.0E+00      T  T
     83   0    12  1.0113671875E+02               0.0E+00      T  T
     84   0    12  1.0113671875E+02               0.0E+00      T  T
     85   0    12  1.0113671875E+02               0.0E+00      T  T
     86   0    12  1.0113671875E+02               0.0E+00      T  T
     87   0    12  1.0113671875E+02               0.0E+00      T  T
 
   Iter Phase Ninf   Infeasibility   RGmax    NSB   Step InItr MX OK
     88   0    12  1.0113671875E+02               0.0E+00      T  T
     89   0    12  1.0113671875E+02               0.0E+00      T  T
     90   0    12  1.0113671875E+02               0.0E+00      T  T
     91   0    12  1.0113671875E+02               0.0E+00      T  T
     92   0    12  1.0113671875E+02               0.0E+00      T  T
     93   0    12  1.0113671875E+02               0.0E+00      T  T
     94   0    12  1.0113671875E+02               0.0E+00      T  T
     95   0    12  1.0113671875E+02               0.0E+00      T  T
     96   0    12  1.0113671875E+02               0.0E+00      T  T
     97   0    12  1.0113671875E+02               0.0E+00      T  T
 
   Iter Phase Ninf   Infeasibility   RGmax    NSB   Step InItr MX OK
     98   0    12  1.0113671875E+02               0.0E+00      T  T
     99   0    12  1.0113671875E+02               0.0E+00      T  T
    100   0    12  1.0113671875E+02               0.0E+00      T  T
    101   0    12  1.0113671875E+02               0.0E+00      T  T
    102   0    12  1.0113671875E+02               0.0E+00      T  T
    103   0    12  1.0113671875E+02               0.0E+00      T  T
    104   0    12  1.0113671875E+02               0.0E+00      T  T
    105   0    12  1.0113671875E+02               0.0E+00      T  T
    106   0    12  1.0113671875E+02               0.0E+00      T  T
    107   0    12  1.0113671875E+02               0.0E+00      T  T
 
   Iter Phase Ninf   Infeasibility   RGmax    NSB   Step InItr MX OK
    108   0    12  1.0113671875E+02               0.0E+00      T  T
    109   0    12  1.0113671875E+02               0.0E+00      T  T
    110   0    12  1.0113671875E+02               0.0E+00      T  T
    111   0    12  1.0113671875E+02               0.0E+00      T  T
    112   0    12  1.0113671875E+02               0.0E+00      T  T
    113   0    12  1.0113671875E+02               0.0E+00      T  T
    114   0    12  1.0113671875E+02               0.0E+00      T  T
    115   0    12  1.0113671875E+02               0.0E+00      T  T
    116   0    12  1.0113671875E+02               0.0E+00      T  T
    117   0    12  1.0113671875E+02               0.0E+00      T  T
 
   Iter Phase Ninf   Infeasibility   RGmax    NSB   Step InItr MX OK
    118   0    12  1.0113671875E+02               0.0E+00      T  T
    119   0    12  1.0113671875E+02               0.0E+00      T  T
    120   0    12  1.0113671875E+02               0.0E+00      T  T
    121   0    13  1.0113671875E+02               0.0E+00      T  T
    122   0    13  1.0113671875E+02               0.0E+00      T  T
    123   0    13  1.0113671875E+02               0.0E+00      T  T
    124   0    13  1.0113671875E+02               0.0E+00      T  T
    125   0    13  1.0113671875E+02               0.0E+00      T  T
    126   0    13  1.0113671875E+02               0.0E+00      T  T
    127   0    13  1.0113671875E+02               0.0E+00      T  T
 
   Iter Phase Ninf   Infeasibility   RGmax    NSB   Step InItr MX OK
    128   0    13  1.0113671875E+02               0.0E+00      T  T
    129   0    13  1.0113671875E+02               0.0E+00      T  T
    130   0    13  1.0113671875E+02               0.0E+00      T  T
    131   0    13  1.0113671875E+02               0.0E+00      T  T
    132   0    13  1.0113671875E+02               0.0E+00      T  T
    133   0    13  1.0113671875E+02               0.0E+00      T  T
    134   0    13  1.0113671875E+02               0.0E+00      T  T
    135   0    13  1.0113671875E+02               0.0E+00      T  T
    136   0    13  1.0113671875E+02               0.0E+00      T  T
    137   0    13  1.0113671875E+02               0.0E+00      T  T
 
   Iter Phase Ninf   Infeasibility   RGmax    NSB   Step InItr MX OK
    138   0    13  1.0113671875E+02               0.0E+00      T  T
    139   0    13  1.0113671875E+02               0.0E+00      T  T
    140   0    13  1.0113671875E+02               0.0E+00      T  T
    141   0    13  1.0113671875E+02               0.0E+00      T  T
    142   0    13  1.0113671875E+02               0.0E+00      T  T
    143   0    13  1.0113671875E+02               0.0E+00      T  T
    144   0    13  1.0113671875E+02               0.0E+00      T  T
    145   0    13  1.0113671875E+02               0.0E+00      T  T
    146   0    13  1.0113671875E+02               0.0E+00      T  T
    147   0    13  1.0113671875E+02               0.0E+00      T  T
 
   Iter Phase Ninf   Infeasibility   RGmax    NSB   Step InItr MX OK
    148   0    13  1.0113671875E+02               0.0E+00      T  T
    149   0    13  1.0113671875E+02               0.0E+00      T  T
    150   0    13  1.0113671875E+02               0.0E+00      T  T
    151   0    13  1.0113671875E+02               0.0E+00      T  T
    152   0    13  1.0113671875E+02               0.0E+00      T  T
    153   0    13  1.0113671875E+02               0.0E+00      T  T
    154   0    13  1.0113671875E+02               0.0E+00      T  T
    155   0    13  1.0113671875E+02               0.0E+00      T  T
    156   0    14  1.0113671875E+02               0.0E+00      T  T
    157   0    14  1.0113671875E+02               0.0E+00      T  T
 
   Iter Phase Ninf   Infeasibility   RGmax    NSB   Step InItr MX OK
    158   0    14  1.0113671875E+02               0.0E+00      T  T
    159   0    14  1.0113671875E+02               0.0E+00      T  T
    160   0    14  1.0113671875E+02               0.0E+00      T  T
    161   0    14  1.0113671875E+02               0.0E+00      T  T
    162   0    14  1.0113671875E+02               0.0E+00      T  T
    163   0    14  1.0113671875E+02               0.0E+00      T  T
    164   0    14  1.0113671875E+02               0.0E+00      T  T
    165   0    14  1.0113671875E+02               0.0E+00      T  T
    166   0    14  1.0113671875E+02               0.0E+00      T  T
    167   0    14  1.0113671875E+02               0.0E+00      T  T
 
   Iter Phase Ninf   Infeasibility   RGmax    NSB   Step InItr MX OK
    168   0    14  1.0113671875E+02               0.0E+00      T  T
    169   0    14  1.0113671875E+02               0.0E+00      T  T
    170   0    14  1.0113671875E+02               0.0E+00      T  T
    171   0    14  1.0113671875E+02               0.0E+00      T  T
    172   0    14  1.0113671875E+02               0.0E+00      T  T
    173   0    14  1.0113671875E+02               0.0E+00      T  T
    174   0    14  1.0113671875E+02               0.0E+00      T  T
    175   0    14  1.0113671875E+02               0.0E+00      T  T
    176   0    14  1.0113671875E+02               0.0E+00      T  T
    177   0    14  1.0113671875E+02               0.0E+00      T  T
 
   Iter Phase Ninf   Infeasibility   RGmax    NSB   Step InItr MX OK
    178   0    14  1.0113671875E+02               0.0E+00      T  T
    179   0    14  1.0113671875E+02               0.0E+00      T  T
    180   0    14  1.0113671875E+02               0.0E+00      T  T
    181   0    14  1.0113671875E+02               0.0E+00      T  T
    182   0    14  1.0113671875E+02               0.0E+00      T  T
    183   0    14  1.0113671875E+02               0.0E+00      T  T
    184   0    14  1.0113671875E+02               0.0E+00      T  T
    185   0    14  1.0113671875E+02               0.0E+00      T  T
    186   0    14  1.0113671875E+02               0.0E+00      T  T
    187   0    14  1.0113671875E+02               0.0E+00      T  T
 
   Iter Phase Ninf   Infeasibility   RGmax    NSB   Step InItr MX OK
    188   0    14  1.0113671875E+02               0.0E+00      T  T
    189   0    14  1.0113671875E+02               0.0E+00      T  T
    190   0    14  1.0113671875E+02               0.0E+00      T  T
    191   0    14  1.0113671875E+02               0.0E+00      T  T
    192   0    14  1.0113671875E+02               0.0E+00      T  T
    193   0    14  1.0113671875E+02               0.0E+00      T  T
    194   0    14  1.0113671875E+02               0.0E+00      T  T
    195   0    14  1.0113671875E+02               0.0E+00      T  T
    196   0    14  1.0113671875E+02               0.0E+00      T  T
    197   0    14  1.0113671875E+02               0.0E+00      T  T
 
   Iter Phase Ninf   Infeasibility   RGmax    NSB   Step InItr MX OK
    198   0    14  1.0113671875E+02               0.0E+00      T  T
    199   0    14  1.0113671875E+02               0.0E+00      T  T
    200   0    14  1.0113671875E+02               0.0E+00      T  T
    201   0    14  1.0113671875E+02               0.0E+00      T  T
    202   0    14  1.0113671875E+02               0.0E+00      T  T
    203   0    14  1.0113671875E+02               0.0E+00      T  T
    204   0    14  1.0113671875E+02               0.0E+00      T  T
    205   0    14  1.0113671875E+02               0.0E+00      T  T
    206   0    14  1.0113671875E+02               0.0E+00      T  T
    207   0    14  1.0113671875E+02               0.0E+00      T  T
 
   Iter Phase Ninf   Infeasibility   RGmax    NSB   Step InItr MX OK
    208   0    14  1.0113671875E+02               0.0E+00      T  T
    209   0    14  1.0113671875E+02               0.0E+00      T  T
    210   0    14  1.0113671875E+02               0.0E+00      T  T
    211   0    14  1.0113671875E+02               0.0E+00      T  T
    212   0    14  1.0113671875E+02               0.0E+00      T  T
    213   0    14  1.0113671875E+02               0.0E+00      T  T
    214   0    14  1.0113671875E+02               0.0E+00      T  T
    215   0    14  1.0113671875E+02               0.0E+00      T  T
    216   0    14  1.0113671875E+02               0.0E+00      T  T
    217   0    14  1.0113671875E+02               0.0E+00      T  T
 
   Iter Phase Ninf   Infeasibility   RGmax    NSB   Step InItr MX OK
    218   0    15  1.0113671875E+02               0.0E+00      T  T
    219   0    15  1.0113671875E+02               0.0E+00      T  T
    220   0    15  1.0113671875E+02               0.0E+00      T  T
    221   0    15  1.0113671875E+02               0.0E+00      T  T
    222   0    15  1.0113671875E+02               0.0E+00      T  T
    223   0    15  1.0113671875E+02               0.0E+00      T  T
    224   0    15  1.0113671875E+02               0.0E+00      T  T
    225   0    15  1.0113671875E+02               0.0E+00      T  T
    226   0    15  1.0113671875E+02               0.0E+00      T  T
    227   0    15  1.0113671875E+02               0.0E+00      T  T
 
   Iter Phase Ninf   Infeasibility   RGmax    NSB   Step InItr MX OK
    228   0    15  1.0113671875E+02               0.0E+00      T  T
    229   0    15  1.0113671875E+02               0.0E+00      T  T
    230   0    15  1.0113671875E+02               0.0E+00      T  T
    231   0    15  1.0113671875E+02               0.0E+00      T  T
    232   0    15  1.0113671875E+02               0.0E+00      T  T
    233   0    15  1.0113671875E+02               0.0E+00      T  T
    234   0    16  1.0113671875E+02               0.0E+00      T  T
    235   0    17  1.0113671875E+02               0.0E+00      T  T
    236   0    17  1.0113671875E+02               0.0E+00      T  T
    237   0    17  1.0113671875E+02               0.0E+00      T  T
 
   Iter Phase Ninf   Infeasibility   RGmax    NSB   Step InItr MX OK
    238   0    17  1.0113671875E+02               0.0E+00      T  T
    239   0    17  1.0113671875E+02               0.0E+00      T  T
    240   0    17  1.0113671875E+02               0.0E+00      T  T
    241   0    17  1.0113671875E+02               0.0E+00      T  T
    242   0    17  1.0113671875E+02               0.0E+00      T  T
    243   0    17  1.0113671875E+02               0.0E+00      T  T
    244   0    17  1.0113671875E+02               0.0E+00      T  T
    245   0    17  1.0113671875E+02               0.0E+00      T  T
    246   0    17  1.0113671875E+02               0.0E+00      T  T
    247   0    17  1.0113671875E+02               0.0E+00      T  T
 
   Iter Phase Ninf   Infeasibility   RGmax    NSB   Step InItr MX OK
    248   0    17  1.0113671875E+02               0.0E+00      T  T
    249   0    17  1.0113671875E+02               0.0E+00      T  T
    250   0    17  1.0113671875E+02               0.0E+00      T  T
    251   0    17  1.0113671875E+02               0.0E+00      T  T
    252   0    17  1.0113671875E+02               0.0E+00      T  T
    253   0    17  1.0113671875E+02               0.0E+00      T  T
    254   0    17  1.0113671875E+02               0.0E+00      T  T
    255   0    17  1.0113671875E+02               0.0E+00      T  T
    256   0    17  1.0113671875E+02               0.0E+00      T  T
    257   0    17  1.0113671875E+02               0.0E+00      T  T
 
   Iter Phase Ninf   Infeasibility   RGmax    NSB   Step InItr MX OK
    258   0    17  1.0113671875E+02               0.0E+00      T  T
    259   0    17  1.0113671875E+02               0.0E+00      T  T
    260   0    17  1.0113671875E+02               0.0E+00      T  T
    261   0    17  1.0113671875E+02               0.0E+00      T  T
    262   0    17  1.0113671875E+02               0.0E+00      T  T
    263   0    17  1.0113671875E+02               0.0E+00      T  T
    264   0    17  1.0113671875E+02               0.0E+00      T  T
    265   0    17  1.0113671875E+02               0.0E+00      T  T
    266   0    17  1.0113671875E+02               0.0E+00      T  T
    267   0    17  1.0113671875E+02               0.0E+00      T  T
 
   Iter Phase Ninf   Infeasibility   RGmax    NSB   Step InItr MX OK
    268   0    17  1.0113671875E+02               0.0E+00      T  T
    269   0    17  1.0113671875E+02               0.0E+00      T  T
    270   0    17  1.0113671875E+02               0.0E+00      T  T
    271   0    17  1.0113671875E+02               0.0E+00      T  T
    272   0    17  1.0113671875E+02               0.0E+00      T  T
    273   0    17  1.0113671875E+02               0.0E+00      T  T
    274   0    17  1.0113671875E+02               0.0E+00      T  T
    275   0    17  1.0113671875E+02               0.0E+00      T  T
    276   0    17  1.0113671875E+02               0.0E+00      T  T
    277   0    17  1.0113671875E+02               0.0E+00      T  T
 
   Iter Phase Ninf   Infeasibility   RGmax    NSB   Step InItr MX OK
    278   0    17  1.0113671875E+02               0.0E+00      T  T
    279   0    17  1.0113671875E+02               0.0E+00      T  T
    280   0    17  1.0113671875E+02               0.0E+00      T  T
    281   0    17  1.0113671875E+02               0.0E+00      T  T
    282   0    17  1.0113671875E+02               0.0E+00      T  T
    283   0    17  1.0113671875E+02               0.0E+00      T  T
    284   0    17  1.0113671875E+02               0.0E+00      T  T
    285   0    17  1.0113671875E+02               0.0E+00      T  T
    286   0    17  1.0113671875E+02               0.0E+00      T  T
    287   0    17  1.0113671875E+02               0.0E+00      T  T
 
   Iter Phase Ninf   Infeasibility   RGmax    NSB   Step InItr MX OK
    288   0    17  1.0113671875E+02               0.0E+00      T  T
    289   0    17  1.0113671875E+02               0.0E+00      T  T
    290   0    17  1.0113671875E+02               0.0E+00      T  T
    291   0    17  1.0113671875E+02               0.0E+00      T  T
    292   0    17  1.0113671875E+02               0.0E+00      T  T
    293   0    17  1.0113671875E+02               0.0E+00      T  T
    294   0    17  1.0113671875E+02               0.0E+00      T  T
    295   0    17  1.0113671875E+02               0.0E+00      T  T
    296   0    17  1.0113671875E+02               0.0E+00      T  T
    297   0    17  1.0113671875E+02               0.0E+00      T  T
 
   Iter Phase Ninf   Infeasibility   RGmax    NSB   Step InItr MX OK
    298   0    17  1.0113671875E+02               0.0E+00      T  T
    299   0    17  1.0113671875E+02               0.0E+00      T  T
    300   0    17  1.0113671875E+02               0.0E+00      T  T
    301   0    18  1.0113671875E+02               0.0E+00      T  T
    302   0    18  1.0113671875E+02               0.0E+00      T  T
    303   0    18  1.0113671875E+02               0.0E+00      T  T
    304   0    19  1.0113671875E+02               0.0E+00      T  T
    305   0    19  1.0113671875E+02               0.0E+00      T  T
    306   0    19  1.0113671875E+02               0.0E+00      T  T
    307   0    19  1.0113671875E+02               0.0E+00      T  T
 
   Iter Phase Ninf   Infeasibility   RGmax    NSB   Step InItr MX OK
    308   0    19  1.0113671875E+02               0.0E+00      T  T
    309   0    19  1.0113671875E+02               0.0E+00      T  T
    310   0    19  1.0113671875E+02               0.0E+00      T  T
    311   0    19  1.0113671875E+02               0.0E+00      T  T
    312   0    19  1.0113671875E+02               0.0E+00      T  T
    313   0    19  1.0113671875E+02               0.0E+00      T  T
    314   0    19  1.0113671875E+02               0.0E+00      T  T
    315   0    19  1.0113671875E+02               0.0E+00      T  T
    316   0    19  1.0113671875E+02               0.0E+00      T  T
    317   0    19  1.0113671875E+02               0.0E+00      T  T
 
   Iter Phase Ninf   Infeasibility   RGmax    NSB   Step InItr MX OK
    318   0    19  1.0113671875E+02               0.0E+00      T  T
    319   0    19  1.0113671875E+02               0.0E+00      T  T
    320   0    19  1.0113671875E+02               0.0E+00      T  T
    321   0    19  1.0113671875E+02               0.0E+00      T  T
    322   0    19  1.0113671875E+02               0.0E+00      T  T
    323   0    19  1.0113671875E+02               0.0E+00      T  T
    324   0    19  1.0113671875E+02               0.0E+00      T  T
    325   0    19  1.0113671875E+02               0.0E+00      T  T
    326   0    19  1.0113671875E+02               0.0E+00      T  T
    327   0    19  1.0113671875E+02               0.0E+00      T  T
 
   Iter Phase Ninf   Infeasibility   RGmax    NSB   Step InItr MX OK
    328   0    19  1.0113671875E+02               0.0E+00      T  T
    329   0    19  1.0113671875E+02               0.0E+00      T  T
    330   0    19  1.0113671875E+02               0.0E+00      T  T
    331   0    19  1.0113671875E+02               0.0E+00      T  T
    332   0    19  1.0113671875E+02               0.0E+00      T  T
    333   0    19  1.0113671875E+02               0.0E+00      T  T
    334   0    19  1.0113671875E+02               0.0E+00      T  T
    335   0    19  1.0113671875E+02               0.0E+00      T  T
    336   0    19  1.0113671875E+02               0.0E+00      T  T
    337   0    19  1.0113671875E+02               0.0E+00      T  T
 
   Iter Phase Ninf   Infeasibility   RGmax    NSB   Step InItr MX OK
    338   0    19  1.0113671875E+02               0.0E+00      T  T
    339   0    19  1.0113671875E+02               0.0E+00      T  T
    340   0    19  1.0113671875E+02               0.0E+00      T  T
    341   0    19  1.0113671875E+02               0.0E+00      T  T
    342   0    19  1.0113671875E+02               0.0E+00      T  T
    343   0    19  1.0113671875E+02               0.0E+00      T  T
    344   0    19  1.0113671875E+02               0.0E+00      T  T
    345   0    19  1.0113671875E+02               0.0E+00      T  T
    346   0    19  1.0113671875E+02               0.0E+00      T  T
    347   0    19  1.0113671875E+02               0.0E+00      T  T
 
   Iter Phase Ninf   Infeasibility   RGmax    NSB   Step InItr MX OK
    348   0    19  1.0113671875E+02               0.0E+00      T  T
    349   0    19  1.0113671875E+02               0.0E+00      T  T
    350   0    19  1.0113671875E+02               0.0E+00      T  T
    351   0    19  1.0113671875E+02               0.0E+00      T  T
    352   0    19  1.0113671875E+02               0.0E+00      T  T
    353   0    19  1.0113671875E+02               0.0E+00      T  T
    354   0    19  1.0113671875E+02               0.0E+00      T  T
    355   0    19  1.0113671875E+02               0.0E+00      T  T
    356   0    19  1.0113671875E+02               0.0E+00      T  T
    357   0    19  1.0113671875E+02               0.0E+00      T  T
 
   Iter Phase Ninf   Infeasibility   RGmax    NSB   Step InItr MX OK
    358   0    19  1.0113671875E+02               0.0E+00      T  T
    359   0    19  1.0113671875E+02               0.0E+00      T  T
    360   0    19  1.0113671875E+02               0.0E+00      T  T
    361   0    19  1.0113671875E+02               0.0E+00      T  T
    362   0    19  1.0113671875E+02               0.0E+00      T  T
    363   0    19  1.0113671875E+02               0.0E+00      T  T
    364   0    19  1.0113671875E+02               0.0E+00      T  T
    365   0    19  1.0113671875E+02               0.0E+00      T  T
    366   0    19  1.0113671875E+02               0.0E+00      T  T
    367   0    19  1.0113671875E+02               0.0E+00      T  T
 
   Iter Phase Ninf   Infeasibility   RGmax    NSB   Step InItr MX OK
    368   0    19  1.0113671875E+02               0.0E+00      T  T
    369   0    19  1.0113671875E+02               0.0E+00      T  T
    370   0    19  1.0113671875E+02               0.0E+00      T  T
    371   0    19  1.0113671875E+02               0.0E+00      T  T
    372   0    19  1.0113671875E+02               0.0E+00      T  T
    373   0    19  1.0113671875E+02               0.0E+00      T  T
    374   0    19  1.0113671875E+02               0.0E+00      T  T
    375   0    19  1.0113671875E+02               0.0E+00      T  T
    376   0    19  1.0113671875E+02               0.0E+00      T  T
    377   0    19  1.0113671875E+02               0.0E+00      T  T
 
   Iter Phase Ninf   Infeasibility   RGmax    NSB   Step InItr MX OK
    378   0    19  1.0113671875E+02               0.0E+00      T  T
    379   0    19  1.0113671875E+02               0.0E+00      T  T
    380   0    19  1.0113671875E+02               0.0E+00      T  T
    381   0    19  1.0113671875E+02               0.0E+00      T  T
    382   0    19  1.0113671875E+02               0.0E+00      T  T
    383   0    19  1.0113671875E+02               0.0E+00      T  T
    384   0    19  1.0113671875E+02               0.0E+00      T  T
    385   0    19  1.0113671875E+02               0.0E+00      T  T
    386   0    19  1.0113671875E+02               0.0E+00      T  T
    387   0    19  1.0113671875E+02               0.0E+00      T  T
 
   Iter Phase Ninf   Infeasibility   RGmax    NSB   Step InItr MX OK
    388   0    19  1.0113671875E+02               0.0E+00      T  T
    389   0    19  1.0113671875E+02               0.0E+00      T  T
    390   0    19  1.0113671875E+02               0.0E+00      T  T
    391   0    19  1.0113671875E+02               0.0E+00      T  T
    392   0    19  1.0113671875E+02               0.0E+00      T  T
    393   0    19  1.0113671875E+02               0.0E+00      T  T
    394   0    19  1.0113671875E+02               0.0E+00      T  T
    395   0    19  1.0113671875E+02               0.0E+00      T  T
    396   0    19  1.0113671875E+02               0.0E+00      T  T
    397   0    19  1.0113671875E+02               0.0E+00      T  T
 
   Iter Phase Ninf   Infeasibility   RGmax    NSB   Step InItr MX OK
    398   0    19  1.0113671875E+02               0.0E+00      T  T
    399   0    19  1.0113671875E+02               0.0E+00      T  T
    400   0    19  1.0113671875E+02               0.0E+00      T  T
    401   0    19  1.0113671875E+02               0.0E+00      T  T
    402   0    19  1.0113671875E+02               0.0E+00      T  T
    403   0    19  1.0113671875E+02               0.0E+00      T  T
    404   0    19  1.0113671875E+02               0.0E+00      T  T
    405   0    19  1.0113671875E+02               0.0E+00      T  T
    406   0    19  1.0113671875E+02               0.0E+00      T  T
    407   0    19  1.0113671875E+02               0.0E+00      T  T
 
   Iter Phase Ninf   Infeasibility   RGmax    NSB   Step InItr MX OK
    408   0    19  1.0113671875E+02               0.0E+00      T  T
    409   0    19  1.0113671875E+02               0.0E+00      T  T
    410   0    19  1.0113671875E+02               0.0E+00      T  T
    411   0    19  1.0113671875E+02               0.0E+00      T  T
    412   0    19  1.0113671875E+02               0.0E+00      T  T
    413   0    19  1.0113671875E+02               0.0E+00      T  T
    414   0    19  1.0113671875E+02               0.0E+00      T  T
    415   0    19  1.0113671875E+02               0.0E+00      T  T
    416   0    20  1.0113671875E+02               0.0E+00      T  T
    417   0    20  1.0113671875E+02               0.0E+00      T  T
 
   Iter Phase Ninf   Infeasibility   RGmax    NSB   Step InItr MX OK
    418   0    20  1.0113671875E+02               0.0E+00      T  T
    419   0    20  1.0113671875E+02               0.0E+00      T  T
    420   0    20  1.0113671875E+02               0.0E+00      T  T
    421   0    20  1.0113671875E+02               0.0E+00      T  T
    422   0    20  1.0113671875E+02               0.0E+00      T  T
    423   0    20  1.0113671875E+02               0.0E+00      T  T
    424   0    20  1.0113671875E+02               0.0E+00      T  T
    425   0    20  1.0113671875E+02               0.0E+00      T  T
    426   0    20  1.0113671875E+02               0.0E+00      T  T
    427   0    20  1.0113671875E+02               0.0E+00      T  T
 
   Iter Phase Ninf   Infeasibility   RGmax    NSB   Step InItr MX OK
    428   0    20  1.0113671875E+02               0.0E+00      T  T
    429   0    20  1.0113671875E+02               0.0E+00      T  T
    430   0    20  1.0113671875E+02               0.0E+00      T  T
    431   0    20  1.0113671875E+02               0.0E+00      T  T
    432   0    20  1.0113671875E+02               0.0E+00      T  T
    433   0    20  1.0113671875E+02               0.0E+00      T  T
    434   0    20  1.0113671875E+02               0.0E+00      T  T
    435   0    20  1.0113671875E+02               0.0E+00      T  T
    436   0    20  1.0113671875E+02               0.0E+00      T  T
    437   0    20  1.0113671875E+02               0.0E+00      T  T
 
   Iter Phase Ninf   Infeasibility   RGmax    NSB   Step InItr MX OK
    438   0    20  1.0113671875E+02               0.0E+00      T  T
    439   0    20  1.0113671875E+02               0.0E+00      T  T
    440   0    20  1.0113671875E+02               0.0E+00      T  T
    441   0    20  1.0113671875E+02               0.0E+00      T  T
    442   0    20  1.0113671875E+02               0.0E+00      T  T
    443   0    20  1.0113671875E+02               0.0E+00      T  T
    444   0    20  1.0113671875E+02               0.0E+00      T  T
    445   0    20  1.0113671875E+02               0.0E+00      T  T
    446   0    20  1.0113671875E+02               0.0E+00      T  T
    447   0    20  1.0113671875E+02               0.0E+00      T  T
 
   Iter Phase Ninf   Infeasibility   RGmax    NSB   Step InItr MX OK
    448   0    20  1.0113671875E+02               0.0E+00      T  T
    449   0    20  1.0113671875E+02               0.0E+00      T  T
    450   0    20  1.0113671875E+02               0.0E+00      T  T
    451   0    20  1.0113671875E+02               0.0E+00      T  T
    452   0    20  1.0113671875E+02               0.0E+00      T  T
    453   0    20  1.0113671875E+02               0.0E+00      T  T
    454   0    20  1.0113671875E+02               0.0E+00      T  T
    455   0    20  1.0113671875E+02               0.0E+00      T  T
    456   0    20  1.0113671875E+02               0.0E+00      T  T
    457   0    20  1.0113671875E+02               0.0E+00      T  T
 
   Iter Phase Ninf   Infeasibility   RGmax    NSB   Step InItr MX OK
    458   0    20  1.0113671875E+02               0.0E+00      T  T
    459   0    20  1.0113671875E+02               0.0E+00      T  T
    460   0    20  1.0113671875E+02               0.0E+00      T  T
    461   0    20  1.0113671875E+02               0.0E+00      T  T
    462   0    20  1.0113671875E+02               0.0E+00      T  T
    463   0    20  1.0113671875E+02               0.0E+00      T  T
    464   0    20  1.0113671875E+02               0.0E+00      T  T
    465   0    20  1.0113671875E+02               0.0E+00      T  T
    466   0    20  1.0113671875E+02               0.0E+00      T  T
    467   0    20  1.0113671875E+02               0.0E+00      T  T
 
   Iter Phase Ninf   Infeasibility   RGmax    NSB   Step InItr MX OK
    468   0    20  1.0113671875E+02               0.0E+00      T  T
    469   0    20  1.0113671875E+02               0.0E+00      T  T
    470   0    20  1.0113671875E+02               0.0E+00      T  T
    471   0    20  1.0113671875E+02               0.0E+00      T  T
    472   0    20  1.0113671875E+02               0.0E+00      T  T
    473   0    20  1.0113671875E+02               0.0E+00      T  T
    474   0    20  1.0113671875E+02               0.0E+00      T  T
    475   0    20  1.0113671875E+02               0.0E+00      T  T
    476   0    20  1.0113671875E+02               0.0E+00      T  T
    477   0    20  1.0113671875E+02               0.0E+00      T  T
 
   Iter Phase Ninf   Infeasibility   RGmax    NSB   Step InItr MX OK
    478   0    20  1.0113671875E+02               0.0E+00      T  T
    479   0    21  1.0113671875E+02               0.0E+00      T  T
    480   0    21  1.0113671875E+02               0.0E+00      T  T
    481   0    21  1.0113671875E+02               0.0E+00      T  T
    482   0    21  1.0113671875E+02               0.0E+00      T  T
    483   0    21  1.0113671875E+02               0.0E+00      T  T
    484   0    21  1.0113671875E+02               0.0E+00      T  T
    485   0    21  1.0113671875E+02               0.0E+00      T  T
    486   0    21  1.0113671875E+02               0.0E+00      T  T
    487   0    21  1.0113671875E+02               0.0E+00      T  T
 
   Iter Phase Ninf   Infeasibility   RGmax    NSB   Step InItr MX OK
    488   0    21  1.0113671875E+02               0.0E+00      T  T
    489   0    21  1.0113671875E+02               0.0E+00      T  T
    490   0    21  1.0113671875E+02               0.0E+00      T  T
    491   0    21  1.0113671875E+02               0.0E+00      T  T
    492   0    21  1.0113671875E+02               0.0E+00      T  T
    493   0    21  1.0113671875E+02               0.0E+00      T  T
    494   0    21  1.0113671875E+02               0.0E+00      T  T
    495   0    21  1.0113671875E+02               0.0E+00      T  T
    496   0    21  1.0113671875E+02               0.0E+00      T  T
    497   0    21  1.0113671875E+02               0.0E+00      T  T
 
   Iter Phase Ninf   Infeasibility   RGmax    NSB   Step InItr MX OK
    498   0    21  1.0113671875E+02               0.0E+00      T  T
    499   0    21  1.0113671875E+02               0.0E+00      T  T
    500   0    21  1.0113671875E+02               0.0E+00      T  T
    501   0    21  1.0113671875E+02               0.0E+00      T  T
    502   0    21  1.0113671875E+02               0.0E+00      T  T
    503   0    21  1.0113671875E+02               0.0E+00      T  T
    504   0    21  1.0113671875E+02               0.0E+00      T  T
    505   0    21  1.0113671875E+02               0.0E+00      T  T
    506   0    21  1.0113671875E+02               0.0E+00      T  T
    507   0    21  1.0113671875E+02               0.0E+00      T  T
 
   Iter Phase Ninf   Infeasibility   RGmax    NSB   Step InItr MX OK
    508   0    21  1.0113671875E+02               0.0E+00      T  T
    509   0    21  1.0113671875E+02               0.0E+00      T  T
    510   0    21  1.0113671875E+02               0.0E+00      T  T
    511   0    21  1.0113671875E+02               0.0E+00      T  T
    512   0    21  1.0113671875E+02               0.0E+00      T  T
    513   0    21  1.0113671875E+02               0.0E+00      T  T
    514   0    21  1.0113671875E+02               0.0E+00      T  T
    515   0    21  1.0113671875E+02               0.0E+00      T  T
    516   0    21  1.0113671875E+02               0.0E+00      T  T
    517   0    21  1.0113671875E+02               0.0E+00      T  T
 
   Iter Phase Ninf   Infeasibility   RGmax    NSB   Step InItr MX OK
    518   0    21  1.0113671875E+02               0.0E+00      T  T
    519   0    21  1.0113671875E+02               0.0E+00      T  T
    520   0    21  1.0113671875E+02               0.0E+00      T  T
    521   0    21  1.0113671875E+02               0.0E+00      T  T
    522   0    21  1.0113671875E+02               0.0E+00      T  T
    523   0    21  1.0113671875E+02               0.0E+00      T  T
    524   0    21  1.0113671875E+02               0.0E+00      T  T
    525   0    21  1.0113671875E+02               0.0E+00      T  T
    526   0    21  1.0113671875E+02               0.0E+00      T  T
    527   0    21  1.0113671875E+02               0.0E+00      T  T
 
   Iter Phase Ninf   Infeasibility   RGmax    NSB   Step InItr MX OK
    528   0    21  1.0113671875E+02               0.0E+00      T  T
    529   0    21  1.0113671875E+02               0.0E+00      T  T
    530   0    21  1.0113671875E+02               0.0E+00      T  T
    531   0    21  1.0113671875E+02               0.0E+00      T  T
    532   0    21  1.0113671875E+02               0.0E+00      T  T
    533   0    21  1.0113671875E+02               0.0E+00      T  T
    534   0    21  1.0113671875E+02               0.0E+00      T  T
    535   0    21  1.0113671875E+02               0.0E+00      T  T
    536   0    21  1.0113671875E+02               0.0E+00      T  T
    537   0    21  1.0113671875E+02               0.0E+00      T  T
 
   Iter Phase Ninf   Infeasibility   RGmax    NSB   Step InItr MX OK
    538   0    21  1.0113671875E+02               0.0E+00      T  T
    539   0    21  1.0113671875E+02               0.0E+00      T  T
    540   0    21  1.0113671875E+02               0.0E+00      T  T
    541   0    21  1.0113671875E+02               0.0E+00      T  T
    542   0    21  1.0113671875E+02               0.0E+00      T  T
    543   0    21  1.0113671875E+02               0.0E+00      T  T
    544   0    21  1.0113671875E+02               0.0E+00      T  T
    545   0    21  1.0113671875E+02               0.0E+00      T  T
    546   0    21  1.0113671875E+02               0.0E+00      T  T
    547   0    21  1.0113671875E+02               0.0E+00      T  T
 
   Iter Phase Ninf   Infeasibility   RGmax    NSB   Step InItr MX OK
    548   0    21  1.0113671875E+02               0.0E+00      T  T
    549   0    21  1.0113671875E+02               0.0E+00      T  T
    550   0    21  1.0113671875E+02               0.0E+00      T  T
    551   0    21  1.0113671875E+02               0.0E+00      T  T
    552   0    21  1.0113671875E+02               0.0E+00      T  T
    553   0    21  1.0113671875E+02               0.0E+00      T  T
    554   0    21  1.0113671875E+02               0.0E+00      T  T
    555   0    21  1.0113671875E+02               0.0E+00      T  T
    556   0    21  1.0113671875E+02               0.0E+00      T  T
    557   0    22  1.0113671875E+02               0.0E+00      T  T
 
   Iter Phase Ninf   Infeasibility   RGmax    NSB   Step InItr MX OK
    558   0    22  1.0113671875E+02               0.0E+00      T  T
    559   0    22  1.0113671875E+02               0.0E+00      T  T
    560   0    22  1.0113671875E+02               0.0E+00      T  T
    561   0    22  1.0113671875E+02               0.0E+00      T  T
    562   0    22  1.0113671875E+02               0.0E+00      T  T
    563   0    22  1.0113671875E+02               0.0E+00      T  T
    564   0    22  1.0113671875E+02               0.0E+00      T  T
    565   0    22  1.0113671875E+02               0.0E+00      T  T
    566   0    22  1.0113671875E+02               0.0E+00      T  T
    567   0    22  1.0113671875E+02               0.0E+00      T  T
 
   Iter Phase Ninf   Infeasibility   RGmax    NSB   Step InItr MX OK
    568   0    22  1.0113671875E+02               0.0E+00      T  T
    569   0    22  1.0113671875E+02               0.0E+00      T  T
    570   0    22  1.0113671875E+02               0.0E+00      T  T
    571   0    22  1.0113671875E+02               0.0E+00      T  T
    572   0    22  1.0113671875E+02               0.0E+00      T  T
    573   0    22  1.0113671875E+02               0.0E+00      T  T
    574   0    22  1.0113671875E+02               0.0E+00      T  T
    575   0    22  1.0113671875E+02               0.0E+00      T  T
    576   0    22  1.0113671875E+02               0.0E+00      T  T
    577   0    22  1.0113671875E+02               0.0E+00      T  T
 
   Iter Phase Ninf   Infeasibility   RGmax    NSB   Step InItr MX OK
    578   0    22  1.0113671875E+02               0.0E+00      T  T
    579   0    22  1.0113671875E+02               0.0E+00      T  T
    580   0    22  1.0113671875E+02               0.0E+00      T  T
    581   0    22  1.0113671875E+02               0.0E+00      T  T
    582   0    22  1.0113671875E+02               0.0E+00      T  T
    583   0    22  1.0113671875E+02               0.0E+00      T  T
    584   0    22  1.0113671875E+02               0.0E+00      T  T
    585   0    22  1.0113671875E+02               0.0E+00      T  T
    586   0    22  1.0113671875E+02               0.0E+00      T  T
    587   0    22  1.0113671875E+02               0.0E+00      T  T
 
   Iter Phase Ninf   Infeasibility   RGmax    NSB   Step InItr MX OK
    588   0    22  1.0113671875E+02               0.0E+00      T  T
    589   0    22  1.0113671875E+02               0.0E+00      T  T
    590   0    22  1.0113671875E+02               0.0E+00      T  T
    591   0    22  1.0113671875E+02               0.0E+00      T  T
    592   0    22  1.0113671875E+02               0.0E+00      T  T
    593   0    22  1.0113671875E+02               0.0E+00      T  T
    594   0    22  1.0113671875E+02               0.0E+00      T  T
    595   0    22  1.0113671875E+02               0.0E+00      T  T
    596   0    22  1.0113671875E+02               0.0E+00      T  T
    597   0    22  1.0113671875E+02               0.0E+00      T  T
 
   Iter Phase Ninf   Infeasibility   RGmax    NSB   Step InItr MX OK
    598   0    22  1.0113671875E+02               0.0E+00      T  T
    599   0    22  1.0113671875E+02               0.0E+00      T  T
    600   0    22  1.0113671875E+02               0.0E+00      T  T
    601   0    22  1.0113671875E+02               0.0E+00      T  T
    602   0    22  1.0113671875E+02               0.0E+00      T  T
    603   0    22  1.0113671875E+02               0.0E+00      T  T
    604   0    22  1.0113671875E+02               0.0E+00      T  T
    605   0    22  1.0113671875E+02               0.0E+00      T  T
    606   0    22  1.0113671875E+02               0.0E+00      T  T
    607   0    22  1.0113671875E+02               0.0E+00      T  T
 
   Iter Phase Ninf   Infeasibility   RGmax    NSB   Step InItr MX OK
    608   0    22  1.0113671875E+02               0.0E+00      T  T
    609   0    22  1.0113671875E+02               0.0E+00      T  T
    610   0    22  1.0113671875E+02               0.0E+00      T  T
    611   0    22  1.0113671875E+02               0.0E+00      T  T
    612   0    22  1.0113671875E+02               0.0E+00      T  T
    613   0    22  1.0113671875E+02               0.0E+00      T  T
    614   0    22  1.0113671875E+02               0.0E+00      T  T
    615   0    22  1.0113671875E+02               0.0E+00      T  T
    616   0    22  1.0113671875E+02               0.0E+00      T  T
    617   0    22  1.0113671875E+02               0.0E+00      T  T
 
   Iter Phase Ninf   Infeasibility   RGmax    NSB   Step InItr MX OK
    618   0    22  1.0113671875E+02               0.0E+00      T  T
    619   0    22  1.0113671875E+02               0.0E+00      T  T
    620   0    22  1.0113671875E+02               0.0E+00      T  T
    621   0    22  1.0113671875E+02               0.0E+00      T  T
    622   0    22  1.0113671875E+02               0.0E+00      T  T
    623   0    22  1.0113671875E+02               0.0E+00      T  T
    624   0    22  1.0113671875E+02               0.0E+00      T  T
    625   0    22  1.0113671875E+02               0.0E+00      T  T
    626   1     1  3.9521484375E+00 3.3E+02    22 1.0E+00   22 T  T
 
 ** Feasible solution. Value of objective =   -400000.000000
   Elapsed time       48.2 seconds.
 
   Iter Phase Ninf     Objective     RGmax    NSB   Step InItr MX OK
    627   3       -8.8378000000E+04 2.6E+05     1 1.0E+00    1 T  T
    628   3       -8.6255102344E+04 7.0E+02     1 1.0E+00   14 T  T
    629   3       -8.5303297920E+04 3.9E+02     8 1.0E+00   17 T  T
    630   3       -8.4456926429E+04 1.1E+03    10 1.0E+00   17 T  T
    631   3       -8.3635013098E+04 7.5E+02    19 1.0E+00   18 T  T
    632   3       -8.2271053131E+04 5.4E+02    16 1.0E+00   28 T  T
    633   3       -8.1603131365E+04 3.2E+02    11 1.0E+00   29 T  T
    634   3       -8.0198423383E+04 3.4E+02    26 1.0E+00   38 T  T
    635   3       -7.8201643330E+04 4.1E+02    16 1.0E+00   43 T  T
    636   3       -7.6775663481E+04 4.4E+02    24 1.0E+00   48 T  T
 
   Iter Phase Ninf     Objective     RGmax    NSB   Step InItr MX OK
    637   3       -7.6160706813E+04 1.6E+02    24 1.0E+00   51 T  T
    638   3       -7.4539174806E+04 3.6E+02    23 1.0E+00   58 T  T
    639   3       -7.3501472355E+04 2.0E+02    24 1.0E+00   61 T  T
    640   3       -7.1773006061E+04 1.0E+00    27 1.0E+00   68 T  T
    641   3       -7.0843084129E+04 3.3E+02    25 1.0E+00   73 T  T
    642   3       -6.9923315846E+04 3.7E+02    26 1.0E+00   78 T  T
    643   3       -6.8718154969E+04 1.4E+02    35 1.0E+00   83 T  T
    644   3       -6.7397009222E+04 3.2E+02    20 1.0E+00   88 T  T
    645   3       -6.5882181593E+04 5.8E+02    32 1.0E+00   90 T  T
    646   3       -6.4322559910E+04 1.0E+00    26 1.0E+00   98 T  T
 
   Iter Phase Ninf     Objective     RGmax    NSB   Step InItr MX OK
    647   3       -6.2973205115E+04 4.1E+02    37 1.0E+00  103 T  T
    648   3       -6.2201862158E+04 6.3E+03    25 1.0E+00  108 T  T
    649   3       -5.9760045935E+04 3.9E+03    29 1.0E+00  113 T  T
    650   3       -5.4910070941E+04 2.9E+03    27 1.0E+00  118 T  T
    651   3       -5.4134577289E+04 4.5E+02    29 1.0E+00  127 T  T
    652   3       -5.3342918289E+04 2.2E+03    38 1.0E+00  128 T  T
    653   3       -5.2569665104E+04 1.2E+03    22 1.0E+00  124 T  T
    654   3       -5.1372516153E+04 6.5E+02    18 1.0E+00  134 T  T
    655   3       -4.9280421850E+04 1.3E+03    35 1.0E+00  139 T  T
    656   3       -4.8987209627E+04 1.8E+03    28 1.0E+00  148 T  T
 
   Iter Phase Ninf     Objective     RGmax    NSB   Step InItr MX OK
    657   3       -4.8125234696E+04 8.0E+02    31 1.0E+00  149 T  T
    658   3       -2.6058379228E+04 8.2E+03    31 1.0E+00  154 T  T
    659   3       -2.5204443650E+04 3.9E+01    26 1.0E+00  167 T  T
    660   3        9.0666700774E+03 4.6E+03    44 1.0E+00  164 T  T
    661   3        1.6670856318E+04 1.8E+05    42 1.0E+00  172 T  T
    662   3        2.3882861585E+04 1.9E+02    26 1.0E+00  174 T  T
    663   3        2.8188041565E+04 1.4E+04    39 1.0E+00  175 T  T
    664   3        3.1249083722E+04 3.9E+03    30 1.0E+00  184 T  T
    665   3        3.6311320325E+04 8.8E+01    38 1.0E+00  189 T  T
    666   3        4.2354576041E+04 2.5E+04    46 1.0E+00  194 T  T
   Elapsed time       80.5 seconds.
 
   Iter Phase Ninf     Objective     RGmax    NSB   Step InItr MX OK
    667   3        4.4125236285E+04 4.7E+03    34 1.0E+00  201 T  T
    668   3        4.5769278540E+04 2.1E+01    42 1.0E+00  204 T  T
    669   3        4.6805485466E+04 6.7E+02    48 1.0E+00  207 T  T
    670   3        6.5756809357E+04 7.2E+03    32 1.0E+00  214 T  T
    671   3        8.4192116721E+04 4.4E+02    29 1.0E+00  219 T  T
    672   3        8.7269242908E+04 1.1E+04    29 1.0E+00  222 T  T
    673   3        9.2743181435E+04 4.2E+03    32 1.0E+00  229 T  T
    674   3        9.9302857189E+04 1.7E+02    34 1.0E+00  234 T  T
    675   3        1.0213200844E+05 5.7E+03    41 1.0E+00  240 T  T
    676   3        1.1096261246E+05 4.1E+03    36 1.0E+00  242 T  T
 
   Iter Phase Ninf     Objective     RGmax    NSB   Step InItr MX OK
    677   3        1.1560840788E+05 9.9E+00    31 1.0E+00  249 T  T
    678   3        1.1750111968E+05 1.7E+03    42 1.0E+00  255 T  T
    679   3        1.4017013784E+05 9.5E+01    34 1.0E+00  259 T  T
    680   3        1.5674370782E+05 1.5E+04    34 1.0E+00  264 T  T
    681   3        1.6916664095E+05 6.8E+01    29 1.0E+00  269 T  T
    682   3        1.7527303047E+05 5.9E+03    40 1.0E+00  275 T  T
    683   3        1.7991280068E+05 5.1E+02    41 1.0E+00  279 T  T
    684   3        1.8640849683E+05 2.5E+04    50 1.0E+00  284 T  T
    685   3        1.8901330894E+05 3.2E+02    39 1.0E+00  290 T  T
    686   3        2.0949738320E+05 1.4E+05    44 1.0E+00  294 T  T
 
   Iter Phase Ninf     Objective     RGmax    NSB   Step InItr MX OK
    687   3        2.2826042012E+05 1.7E+02    36 1.0E+00  299 T  T
    688   3        2.4077385258E+05 9.2E+03    42 1.0E+00  304 T  T
    689   3        2.4801389053E+05 2.0E+03    23 1.0E+00  309 T  T
    690   3        2.5805453953E+05 4.5E+03    53 1.0E+00  314 T  T
    691   3        2.8810224645E+05 6.9E+02    54 1.0E+00  319 T  T
    692   3        3.0573342989E+05 4.0E+03    68 1.0E+00  324 T  T
    693   3        3.1278192356E+05 4.6E+03    39 1.0E+00  330 T  T
    694   3        3.1938606065E+05 1.2E+04    37 1.0E+00  334 T  T
    695   3        3.2534061487E+05 2.8E+03    30 1.0E+00  339 T  T
    696   3        3.3147682732E+05 8.9E+04    52 1.0E+00  343 T  T
 
   Iter Phase Ninf     Objective     RGmax    NSB   Step InItr MX OK
    697   3        3.3962807047E+05 2.1E+02    57 1.0E+00  349 T  T
    698   3        3.4176431999E+05 8.9E+03    47 1.0E+00  356 T  T
    699   3        3.4283056065E+05 3.7E+02    36 1.0E+00  355 T  T
    700   3        3.4456979776E+05 7.8E+02    53 1.0E+00  364 T  T
    701   3        3.4668999054E+05 1.7E+02    52 1.0E+00  369 T  T
    702   3        3.4868194541E+05 1.4E+03    68 1.0E+00  374 T  T
    703   3        3.5160692986E+05 1.1E+02   108 1.0E+00  379 T  T
    704   3        3.5275270761E+05 2.8E+02   100 1.0E+00  385 T  T
    705   3        3.5297023087E+05 5.1E-01    78 1.0E+00  233 T  T
 
 ** Loss of feasibility while tightening tolerances - Return to phase 0.
 
   Iter Phase Ninf   Infeasibility   RGmax    NSB   Step InItr MX OK
    706   0        1.2356861907E-07
    707   0     0  1.2356861907E-07               0.0E+00      T  T
    708   0     0  1.2356861907E-07               0.0E+00      T  T
    709   0     1  1.2356861907E-07               0.0E+00      T  T
    710   0     1  6.3962702967E-08               5.0E-01      T  T
    711   0     1  6.3962702967E-08               0.0E+00      T  T
    712   0     1  6.3962702967E-08               0.0E+00      T  T
    713   0     1  1.5583168256E-08               8.0E-01      T  T
    714   0     1  4.1996855882E-09               1.0E+00      F  T
    715   1     1  3.1294482245E-09 5.3E-01    10 3.8E-09      T  T
 
 ** Feasible solution. Value of objective =    352970.230775
 
   Iter Phase Ninf     Objective     RGmax    NSB   Step InItr MX OK
    716   3        3.5297023077E+05 2.4E+05    17 0.0E+00      T  T
    717   3        3.5297023078E+05 5.8E+04    15 2.8E-15      T  T
    718   3        3.5297023082E+05 6.5E+03    14 2.8E-13      T  T
    719   3        3.5297023082E+05 6.5E+03    13 4.1E-14      T  T
    720   3        3.5297023083E+05 4.6E+03    12 8.5E-14      T  T
    721   3        3.5297023084E+05 4.6E+03    11 2.7E-13      T  T
    722   3        3.5297023086E+05 8.6E+03    11 2.3E-13      T  T
    723   3        3.5297023087E+05 8.0E+03    10 1.0E+00    7 T  T
    724   3        3.5297023087E+05 1.6E-13    10
 
 ** Optimal solution. Reduced gradient less than tolerance.
 
--- Restarting execution
--- ADSA Dairy LP RDP UDP.gms(1691) 0 Mb
--- Reading solution for model DairyFarm
--- ADSA Dairy LP RDP UDP.gms(1689) 5 Mb
--- Generating model DairyFarm
--- ADSA Dairy LP RDP UDP.gms(1691) 12 Mb
---    3907 rows, 23849 columns, and 235041 non-zeroes.
--- Executing CONOPT
C O N O P T 3 Nov 11, 2004 WIN.CO.CO 21.5 015.052.041.VIS Library 314E     
 
 
    C O N O P T 3   Intel /MS Window version 3.14E-015-052
    Copyright (C)   ARKI Consulting and Development A/S
                    Bagsvaerdvej 246 A
                    DK-2880 Bagsvaerd, Denmark
 
 Using default options.
 
 Reading Data
 
   Iter Phase Ninf   Infeasibility   RGmax    NSB   Step InItr MX OK
      0   0        7.0832051335E-10 (Input point)
                                Pre-triangular equations:        1
                                Post-triangular equations:     146
      1   0        7.1082162378E-10 (After pre-processing)
      2   0        7.8454820765E-14 (After scaling)
 
 ** Feasible solution. Value of objective =    352970.230874
 
   Iter Phase Ninf     Objective     RGmax    NSB   Step InItr MX OK
      3   3        3.5297023087E+05 5.3E-15     3 0.0E+00      F  T
      4   3        3.5297023087E+05 6.1E-15     3
 
 ** Optimal solution. Reduced gradient less than tolerance.
 
--- Restarting execution
--- ADSA Dairy LP RDP UDP.gms(1691) 0 Mb
--- Reading solution for model DairyFarm
--- ADSA Dairy LP RDP UDP.gms(1785) 6 Mb
--- ADSA Dairy LP RDP UDP.gms(1814) 6 Mb
--- ADSA Dairy LP RDP UDP.gms(1958) 6 Mb
--- Putfile xllinkparams C:\Users\nealm\OneDrive - DairyNZ Limited\Desktop\dairynz\dairy_lp_neal_JDS_2007\GAMSDIR\xllink.txt
*** Status: Normal completion
